<?xml version="1.0" encoding="UTF-8"?>
<!-- Generated by org.testng.reporters.JUnitReportReporter -->
<testsuite hostname="DESKTOP-DM8UP7N" failures="0" tests="2" name="testNGsample.NewTest" time="23.134" errors="0" timestamp="2022-11-10T18:12:22 IST" skipped="0">
  <testcase classname="testNGsample.NewTest" name="test1" time="10.242"/>
  <system-out/>
  <testcase classname="testNGsample.NewTest" name="test2" time="12.892"/>
  <system-out/>
</testsuite> <!-- testNGsample.NewTest -->
