<?xml version="1.0" encoding="UTF-8"?>
<!-- Generated by org.testng.reporters.JUnitReportReporter -->
<testsuite hostname="DESKTOP-DM8UP7N" failures="0" tests="1" name="automate_web.WebPage_Automate_Using_Excel" time="8.861" errors="0" timestamp="2022-11-20T08:40:55 IST" skipped="0">
  <testcase classname="automate_web.WebPage_Automate_Using_Excel" name="test1" time="8.861"/>
  <system-out/>
</testsuite> <!-- automate_web.WebPage_Automate_Using_Excel -->
