<?xml version="1.0" encoding="UTF-8"?>
<!-- Generated by org.testng.reporters.JUnitReportReporter -->
<testsuite hostname="DESKTOP-DM8UP7N" failures="0" tests="7" name="automate_web.Flipkart_Auto" time="26.972" errors="0" timestamp="2022-11-17T05:46:42 IST" skipped="0">
  <testcase classname="automate_web.Flipkart_Auto" name="bothempty" time="5.643"/>
  <system-out/>
  <testcase classname="automate_web.Flipkart_Auto" name="test1" time="3.378"/>
  <system-out/>
  <testcase classname="automate_web.Flipkart_Auto" name="test2" time="3.372"/>
  <system-out/>
  <testcase classname="automate_web.Flipkart_Auto" name="test3" time="3.343"/>
  <system-out/>
  <testcase classname="automate_web.Flipkart_Auto" name="test4" time="3.541"/>
  <system-out/>
  <testcase classname="automate_web.Flipkart_Auto" name="test5" time="3.702"/>
  <system-out/>
  <testcase classname="automate_web.Flipkart_Auto" name="test6" time="3.993"/>
  <system-out/>
</testsuite> <!-- automate_web.Flipkart_Auto -->
