<?xml version="1.0" encoding="UTF-8"?>
<!-- Generated by org.testng.reporters.JUnitReportReporter -->
<testsuite hostname="DESKTOP-DM8UP7N" failures="0" tests="7" name="automate_web.Action_ClassTest" time="431.246" errors="0" timestamp="2022-11-10T20:03:27 IST" skipped="0">
  <testcase classname="automate_web.Action_ClassTest" name="blnk_id_pass" time="39.403"/>
  <system-out/>
  <testcase classname="automate_web.Action_ClassTest" name="invld_id_blnk_pass" time="44.834"/>
  <system-out/>
  <testcase classname="automate_web.Action_ClassTest" name="blnk_id_invld_pass" time="64.068"/>
  <system-out/>
  <testcase classname="automate_web.Action_ClassTest" name="invld_id_invld_pass" time="69.709"/>
  <system-out/>
  <testcase classname="automate_web.Action_ClassTest" name="vald_id_blnk_pass" time="59.324"/>
  <system-out/>
  <testcase classname="automate_web.Action_ClassTest" name="blnk_id_vald_pass" time="69.358"/>
  <system-out/>
  <testcase classname="automate_web.Action_ClassTest" name="vald_id_vald_pass" time="84.550"/>
  <system-out/>
</testsuite> <!-- automate_web.Action_ClassTest -->
