<?xml version="1.0" encoding="UTF-8"?>
<!-- Generated by org.testng.reporters.JUnitReportReporter -->
<testsuite hostname="DESKTOP-DM8UP7N" failures="0" tests="1" name="automate_web.Form_Automate" time="1.113" errors="0" timestamp="2022-11-20T21:51:10 IST" skipped="0">
  <testcase classname="automate_web.Form_Automate" name="test1" time="1.113"/>
  <system-out/>
</testsuite> <!-- automate_web.Form_Automate -->
