<?xml version="1.0" encoding="UTF-8"?>
<!-- Generated by org.testng.reporters.JUnitReportReporter -->
<testsuite hostname="DESKTOP-DM8UP7N" failures="0" tests="1" name="testNGsample.Flipkart_Auto" time="0.012" errors="0" timestamp="2022-11-11T08:14:21 IST" skipped="0">
  <testcase classname="testNGsample.Flipkart_Auto" name="f" time="0.012"/>
  <system-out/>
</testsuite> <!-- testNGsample.Flipkart_Auto -->
